[debug] [2026-03-31T10:01:16.759Z] ----------------------------------------------------------------------
[debug] [2026-03-31T10:01:16.765Z] Command:       C:\Program Files\nodejs\node.exe C:\Users\user\AppData\Roaming\npm\node_modules\firebase-tools\lib\bin\firebase.js init
[debug] [2026-03-31T10:01:16.765Z] CLI Version:   15.12.0
[debug] [2026-03-31T10:01:16.766Z] Platform:      win32
[debug] [2026-03-31T10:01:16.766Z] Node Version:  v22.19.0
[debug] [2026-03-31T10:01:16.767Z] Time:          Tue Mar 31 2026 18:01:16 GMT+0800 (Philippine Standard Time)
[debug] [2026-03-31T10:01:16.767Z] ----------------------------------------------------------------------
[debug] 
[info] 
     ######## #### ########  ######## ########     ###     ######  ########
     ##        ##  ##     ## ##       ##     ##  ##   ##  ##       ##
     ######    ##  ########  ######   ########  #########  ######  ######
     ##        ##  ##    ##  ##       ##     ## ##     ##       ## ##
     ##       #### ##     ## ######## ########  ##     ##  ######  ########

You're about to initialize a Firebase project in this directory:

  C:\Users\user\Desktop\myapp\Ondis-NetflixClone

[info] 
=== Project Setup
[info] 
[info] First, let's associate this project directory with a Firebase project.
[info] You can create multiple project aliases by running firebase use --add, 
[info] 
[debug] [2026-03-31T10:05:31.412Z] > command requires scopes: ["email","openid","https://www.googleapis.com/auth/cloudplatformprojects.readonly","https://www.googleapis.com/auth/firebase","https://www.googleapis.com/auth/cloud-platform"]
[debug] [2026-03-31T10:05:31.413Z] > authorizing via signed-in user (mondidooscar64@gmail.com)
[debug] [2026-03-31T10:05:31.416Z] Checked if tokens are valid: true, expires at: 1774954838018
[debug] [2026-03-31T10:05:31.417Z] Checked if tokens are valid: true, expires at: 1774954838018
[debug] [2026-03-31T10:05:31.426Z] >>> [apiv2][query] GET https://firebase.googleapis.com/v1beta1/projects pageSize=100
[debug] [2026-03-31T10:05:32.390Z] <<< [apiv2][status] GET https://firebase.googleapis.com/v1beta1/projects 200
[debug] [2026-03-31T10:05:32.390Z] <<< [apiv2][body] GET https://firebase.googleapis.com/v1beta1/projects [omitted]
[info] 
=== Hosting Setup
[debug] [2026-03-31T10:06:12.401Z] Checked if tokens are valid: true, expires at: 1774954838018
[debug] [2026-03-31T10:06:12.401Z] Checked if tokens are valid: true, expires at: 1774954838018
[debug] [2026-03-31T10:06:12.402Z] >>> [apiv2][query] GET https://firebase.googleapis.com/v1beta1/projects/netflix-clone-a7850 [none]
[debug] [2026-03-31T10:06:12.908Z] <<< [apiv2][status] GET https://firebase.googleapis.com/v1beta1/projects/netflix-clone-a7850 200
[debug] [2026-03-31T10:06:12.908Z] <<< [apiv2][body] GET https://firebase.googleapis.com/v1beta1/projects/netflix-clone-a7850 {"projectId":"netflix-clone-a7850","projectNumber":"1038861161035","displayName":"Netflix-Clone","name":"projects/netflix-clone-a7850","resources":{"hostingSite":"netflix-clone-a7850"},"state":"ACTIVE","etag":"1_fd7f2d50-033d-4da3-8f1b-aafba761b6d0"}
[info] 
[info] Your public directory is the folder (relative to your project directory) that
[info] will contain Hosting assets to be uploaded with firebase deploy. If you
[info] have a build process for your assets, use your build's output directory.
[info] 
[info] 
[info] i  Detected a .git folder at C:\Users\user\Desktop\myapp\Ondis-NetflixClone 
[info] i  Authorizing with GitHub to upload your service account to a GitHub repository's secrets store. 
[info] 
[info] Visit this URL on this device to log in:
[info] https://github.com/login/oauth/authorize?client_id=89cf50f02ac6aaed3484&state=17492085&redirect_uri=http%3A%2F%2Flocalhost%3A9005&scope=read%3Auser%20repo%20public_repo
[info] 
[info] Waiting for authentication...
[debug] [2026-03-31T10:08:44.304Z] >>> [apiv2][query] POST https://github.com/login/oauth/access_token [none]
[debug] [2026-03-31T10:08:44.304Z] >>> [apiv2][body] POST https://github.com/login/oauth/access_token [stream]
[debug] [2026-03-31T10:08:44.927Z] <<< [apiv2][status] POST https://github.com/login/oauth/access_token 200
[debug] [2026-03-31T10:08:44.928Z] <<< [apiv2][body] POST https://github.com/login/oauth/access_token {"access_token":"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","token_type":"bearer","scope":"read:user,repo"}
[debug] [2026-03-31T10:08:44.944Z] >>> [apiv2][query] GET https://api.github.com/user [none]
[debug] [2026-03-31T10:08:45.442Z] <<< [apiv2][status] GET https://api.github.com/user 200
[debug] [2026-03-31T10:08:45.443Z] <<< [apiv2][body] GET https://api.github.com/user {"login":"Oscar100104","id":202523722,"node_id":"U_kgDODBJESg","avatar_url":"https://avatars.githubusercontent.com/u/202523722?v=4","gravatar_id":"","url":"https://api.github.com/users/Oscar100104","html_url":"https://github.com/Oscar100104","followers_url":"https://api.github.com/users/Oscar100104/followers","following_url":"https://api.github.com/users/Oscar100104/following{/other_user}","gists_url":"https://api.github.com/users/Oscar100104/gists{/gist_id}","starred_url":"https://api.github.com/users/Oscar100104/starred{/owner}{/repo}","subscriptions_url":"https://api.github.com/users/Oscar100104/subscriptions","organizations_url":"https://api.github.com/users/Oscar100104/orgs","repos_url":"https://api.github.com/users/Oscar100104/repos","events_url":"https://api.github.com/users/Oscar100104/events{/privacy}","received_events_url":"https://api.github.com/users/Oscar100104/received_events","type":"User","user_view_type":"private","site_admin":false,"name":null,"company":null,"blog":"","location":null,"email":null,"hireable":null,"bio":null,"twitter_username":null,"notification_email":null,"public_repos":6,"public_gists":0,"followers":0,"following":0,"created_at":"2025-03-09T14:18:59Z","updated_at":"2026-03-29T15:11:36Z","private_gists":0,"total_private_repos":1,"owned_private_repos":1,"disk_usage":263,"collaborators":0,"two_factor_authentication":false,"plan":{"name":"free","space":976562499,"collaborators":0,"private_repos":10000}}
[info] 
[info] +  Success! Logged into GitHub as Oscar100104 
[info] 
[debug] [2026-03-31T10:09:08.033Z] >>> [apiv2][query] GET https://api.github.com/repos/repository/actions/secrets/public-key type=owner
[debug] [2026-03-31T10:09:08.393Z] <<< [apiv2][status] GET https://api.github.com/repos/repository/actions/secrets/public-key 404
[debug] [2026-03-31T10:09:08.393Z] <<< [apiv2][body] GET https://api.github.com/repos/repository/actions/secrets/public-key {"message":"Not Found","documentation_url":"https://docs.github.com/rest","status":"404"}
[info] 
[info] 
[error] !  The provided authorization cannot be used with this repository. If this repository is in an organization, did you remember to grant access? 
[info] 
[info] i  Action required: Visit this URL to ensure access has been granted to the appropriate organization(s) for the Firebase CLI GitHub OAuth App: 
[info] https://github.com/settings/connections/applications/89cf50f02ac6aaed3484
[info] 
[debug] [2026-03-31T10:10:01.901Z] >>> [apiv2][query] GET https://api.github.com/repos/Ondis-NetflixClone/actions/secrets/public-key type=owner
[debug] [2026-03-31T10:10:02.464Z] <<< [apiv2][status] GET https://api.github.com/repos/Ondis-NetflixClone/actions/secrets/public-key 404
[debug] [2026-03-31T10:10:02.464Z] <<< [apiv2][body] GET https://api.github.com/repos/Ondis-NetflixClone/actions/secrets/public-key {"message":"Not Found","documentation_url":"https://docs.github.com/rest","status":"404"}
[info] 
[info] 
[error] !  The provided authorization cannot be used with this repository. If this repository is in an organization, did you remember to grant access? 
[info] 
[info] i  Action required: Visit this URL to ensure access has been granted to the appropriate organization(s) for the Firebase CLI GitHub OAuth App: 
[info] https://github.com/settings/connections/applications/89cf50f02ac6aaed3484
[info] 
[debug] [2026-03-31T10:10:15.636Z] >>> [apiv2][query] GET https://api.github.com/repos/Netflix-Clone/actions/secrets/public-key type=owner
[debug] [2026-03-31T10:10:16.358Z] <<< [apiv2][status] GET https://api.github.com/repos/Netflix-Clone/actions/secrets/public-key 404
[debug] [2026-03-31T10:10:16.358Z] <<< [apiv2][body] GET https://api.github.com/repos/Netflix-Clone/actions/secrets/public-key {"message":"Not Found","documentation_url":"https://docs.github.com/rest","status":"404"}
[info] 
[info] 
[error] !  The provided authorization cannot be used with this repository. If this repository is in an organization, did you remember to grant access? 
[info] 
[info] i  Action required: Visit this URL to ensure access has been granted to the appropriate organization(s) for the Firebase CLI GitHub OAuth App: 
[info] https://github.com/settings/connections/applications/89cf50f02ac6aaed3484
[info] 
[debug] [2026-03-31T10:10:49.479Z] >>> [apiv2][query] GET https://api.github.com/repos/npm run build/actions/secrets/public-key type=owner
[debug] [2026-03-31T10:10:49.827Z] <<< [apiv2][status] GET https://api.github.com/repos/npm run build/actions/secrets/public-key 404
[debug] [2026-03-31T10:10:49.827Z] <<< [apiv2][body] GET https://api.github.com/repos/npm run build/actions/secrets/public-key {"message":"Not Found","documentation_url":"https://docs.github.com/rest","status":"404"}
[info] 
[info] 
[error] !  The provided authorization cannot be used with this repository. If this repository is in an organization, did you remember to grant access? 
[info] 
[info] i  Action required: Visit this URL to ensure access has been granted to the appropriate organization(s) for the Firebase CLI GitHub OAuth App: 
[info] https://github.com/settings/connections/applications/89cf50f02ac6aaed3484
[info] 
[debug] [2026-03-31T10:10:51.729Z] >>> [apiv2][query] GET https://api.github.com/repos/npm run build/actions/secrets/public-key type=owner
[debug] [2026-03-31T10:10:52.091Z] <<< [apiv2][status] GET https://api.github.com/repos/npm run build/actions/secrets/public-key 404
[debug] [2026-03-31T10:10:52.091Z] <<< [apiv2][body] GET https://api.github.com/repos/npm run build/actions/secrets/public-key {"message":"Not Found","documentation_url":"https://docs.github.com/rest","status":"404"}
[info] 
[info] 
[error] !  The provided authorization cannot be used with this repository. If this repository is in an organization, did you remember to grant access? 
[info] 
[info] i  Action required: Visit this URL to ensure access has been granted to the appropriate organization(s) for the Firebase CLI GitHub OAuth App: 
[info] https://github.com/settings/connections/applications/89cf50f02ac6aaed3484
[info] 
[debug] [2026-03-31T10:10:52.342Z] >>> [apiv2][query] GET https://api.github.com/repos/npm run build/actions/secrets/public-key type=owner
[debug] [2026-03-31T10:10:52.680Z] <<< [apiv2][status] GET https://api.github.com/repos/npm run build/actions/secrets/public-key 404
[debug] [2026-03-31T10:10:52.680Z] <<< [apiv2][body] GET https://api.github.com/repos/npm run build/actions/secrets/public-key {"message":"Not Found","documentation_url":"https://docs.github.com/rest","status":"404"}
[info] 
[info] 
[error] !  The provided authorization cannot be used with this repository. If this repository is in an organization, did you remember to grant access? 
[info] 
[info] i  Action required: Visit this URL to ensure access has been granted to the appropriate organization(s) for the Firebase CLI GitHub OAuth App: 
[info] https://github.com/settings/connections/applications/89cf50f02ac6aaed3484
[info] 
[debug] [2026-03-31T10:10:52.703Z] >>> [apiv2][query] GET https://api.github.com/repos/npm run build/actions/secrets/public-key type=owner
[debug] [2026-03-31T10:10:53.066Z] <<< [apiv2][status] GET https://api.github.com/repos/npm run build/actions/secrets/public-key 404
[debug] [2026-03-31T10:10:53.066Z] <<< [apiv2][body] GET https://api.github.com/repos/npm run build/actions/secrets/public-key {"message":"Not Found","documentation_url":"https://docs.github.com/rest","status":"404"}
[info] 
[info] 
[error] !  The provided authorization cannot be used with this repository. If this repository is in an organization, did you remember to grant access? 
[info] 
[info] i  Action required: Visit this URL to ensure access has been granted to the appropriate organization(s) for the Firebase CLI GitHub OAuth App: 
[info] https://github.com/settings/connections/applications/89cf50f02ac6aaed3484
[info] 
[debug] [2026-03-31T10:11:04.994Z] >>> [apiv2][query] GET https://api.github.com/repos/user/actions/secrets/public-key type=owner
[debug] [2026-03-31T10:11:05.354Z] <<< [apiv2][status] GET https://api.github.com/repos/user/actions/secrets/public-key 404
[debug] [2026-03-31T10:11:05.354Z] <<< [apiv2][body] GET https://api.github.com/repos/user/actions/secrets/public-key {"message":"Not Found","documentation_url":"https://docs.github.com/rest","status":"404"}
[info] 
[info] 
[error] !  The provided authorization cannot be used with this repository. If this repository is in an organization, did you remember to grant access? 
[info] 
[info] i  Action required: Visit this URL to ensure access has been granted to the appropriate organization(s) for the Firebase CLI GitHub OAuth App: 
[info] https://github.com/settings/connections/applications/89cf50f02ac6aaed3484
[info] 
